==1519265== Memcheck, a memory error detector
==1519265== Copyright (C) 2002-2017, and GNU GPL'd, by Julian Seward et al.
==1519265== Using Valgrind-3.15.0-608cb11914-20190413 and LibVEX; rerun with -h for copyright info
==1519265== Command: ./tradutor ../tests/test1correto.c
==1519265== Parent PID: 1519264
==1519265== 
--1519265-- 
--1519265-- Valgrind options:
--1519265--    -v
--1519265--    --tool=memcheck
--1519265--    --leak-check=full
--1519265--    --show-leak-kinds=all
--1519265--    --track-origins=yes
--1519265--    --log-file=logfile.out
--1519265-- Contents of /proc/version:
--1519265--   Linux version 5.8.0-59-generic (buildd@lcy01-amd64-022) (gcc (Ubuntu 9.3.0-17ubuntu1~20.04) 9.3.0, GNU ld (GNU Binutils for Ubuntu) 2.34) #66~20.04.1-Ubuntu SMP Thu Jun 17 11:14:10 UTC 2021
--1519265-- 
--1519265-- Arch and hwcaps: AMD64, LittleEndian, amd64-cx16-lzcnt-rdtscp-sse3-ssse3-avx-avx2-bmi-f16c-rdrand
--1519265-- Page sizes: currently 4096, max supported 4096
--1519265-- Valgrind library directory: /usr/lib/x86_64-linux-gnu/valgrind
--1519265-- Reading syms from /home/guileb/University/Tradutores/guillex2/14_0141961/src/tradutor
--1519265-- Reading syms from /usr/lib/x86_64-linux-gnu/ld-2.31.so
--1519265--   Considering /usr/lib/x86_64-linux-gnu/ld-2.31.so ..
--1519265--   .. CRC mismatch (computed 975d0390 wanted 30bd717f)
--1519265--   Considering /lib/x86_64-linux-gnu/ld-2.31.so ..
--1519265--   .. CRC mismatch (computed 975d0390 wanted 30bd717f)
--1519265--   Considering /usr/lib/debug/lib/x86_64-linux-gnu/ld-2.31.so ..
--1519265--   .. CRC is valid
--1519265-- Reading syms from /usr/lib/x86_64-linux-gnu/valgrind/memcheck-amd64-linux
--1519265--    object doesn't have a symbol table
--1519265--    object doesn't have a dynamic symbol table
--1519265-- Scheduler: using generic scheduler lock implementation.
--1519265-- Reading suppressions file: /usr/lib/x86_64-linux-gnu/valgrind/default.supp
==1519265== embedded gdbserver: reading from /tmp/vgdb-pipe-from-vgdb-to-1519265-by-guileb-on-???
==1519265== embedded gdbserver: writing to   /tmp/vgdb-pipe-to-vgdb-from-1519265-by-guileb-on-???
==1519265== embedded gdbserver: shared mem   /tmp/vgdb-pipe-shared-mem-vgdb-1519265-by-guileb-on-???
==1519265== 
==1519265== TO CONTROL THIS PROCESS USING vgdb (which you probably
==1519265== don't want to do, unless you know exactly what you're doing,
==1519265== or are doing some strange experiment):
==1519265==   /usr/lib/x86_64-linux-gnu/valgrind/../../bin/vgdb --pid=1519265 ...command...
==1519265== 
==1519265== TO DEBUG THIS PROCESS USING GDB: start GDB like this
==1519265==   /path/to/gdb ./tradutor
==1519265== and then give GDB the following command
==1519265==   target remote | /usr/lib/x86_64-linux-gnu/valgrind/../../bin/vgdb --pid=1519265
==1519265== --pid is optional if only one valgrind process is running
==1519265== 
--1519265-- REDIR: 0x4022e10 (ld-linux-x86-64.so.2:strlen) redirected to 0x580c9ce2 (???)
--1519265-- REDIR: 0x4022be0 (ld-linux-x86-64.so.2:index) redirected to 0x580c9cfc (???)
--1519265-- Reading syms from /usr/lib/x86_64-linux-gnu/valgrind/vgpreload_core-amd64-linux.so
--1519265--    object doesn't have a symbol table
--1519265-- Reading syms from /usr/lib/x86_64-linux-gnu/valgrind/vgpreload_memcheck-amd64-linux.so
--1519265--    object doesn't have a symbol table
==1519265== WARNING: new redirection conflicts with existing -- ignoring it
--1519265--     old: 0x04022e10 (strlen              ) R-> (0000.0) 0x580c9ce2 ???
--1519265--     new: 0x04022e10 (strlen              ) R-> (2007.0) 0x0483f060 strlen
--1519265-- REDIR: 0x401f5f0 (ld-linux-x86-64.so.2:strcmp) redirected to 0x483ffd0 (strcmp)
--1519265-- REDIR: 0x4023370 (ld-linux-x86-64.so.2:mempcpy) redirected to 0x4843a20 (mempcpy)
--1519265-- Reading syms from /usr/lib/x86_64-linux-gnu/libc-2.31.so
--1519265--   Considering /usr/lib/x86_64-linux-gnu/libc-2.31.so ..
--1519265--   .. CRC mismatch (computed 86b78530 wanted e380f01c)
--1519265--   Considering /lib/x86_64-linux-gnu/libc-2.31.so ..
--1519265--   .. CRC mismatch (computed 86b78530 wanted e380f01c)
--1519265--   Considering /usr/lib/debug/lib/x86_64-linux-gnu/libc-2.31.so ..
--1519265--   .. CRC is valid
--1519265-- REDIR: 0x4902600 (libc.so.6:memmove) redirected to 0x48311d0 (_vgnU_ifunc_wrapper)
--1519265-- REDIR: 0x4901900 (libc.so.6:strncpy) redirected to 0x48311d0 (_vgnU_ifunc_wrapper)
--1519265-- REDIR: 0x4902930 (libc.so.6:strcasecmp) redirected to 0x48311d0 (_vgnU_ifunc_wrapper)
--1519265-- REDIR: 0x4901220 (libc.so.6:strcat) redirected to 0x48311d0 (_vgnU_ifunc_wrapper)
--1519265-- REDIR: 0x4901960 (libc.so.6:rindex) redirected to 0x48311d0 (_vgnU_ifunc_wrapper)
--1519265-- REDIR: 0x4903dd0 (libc.so.6:rawmemchr) redirected to 0x48311d0 (_vgnU_ifunc_wrapper)
--1519265-- REDIR: 0x491ee60 (libc.so.6:wmemchr) redirected to 0x48311d0 (_vgnU_ifunc_wrapper)
--1519265-- REDIR: 0x491e9a0 (libc.so.6:wcscmp) redirected to 0x48311d0 (_vgnU_ifunc_wrapper)
--1519265-- REDIR: 0x4902760 (libc.so.6:mempcpy) redirected to 0x48311d0 (_vgnU_ifunc_wrapper)
--1519265-- REDIR: 0x4902590 (libc.so.6:bcmp) redirected to 0x48311d0 (_vgnU_ifunc_wrapper)
--1519265-- REDIR: 0x4901890 (libc.so.6:strncmp) redirected to 0x48311d0 (_vgnU_ifunc_wrapper)
--1519265-- REDIR: 0x49012d0 (libc.so.6:strcmp) redirected to 0x48311d0 (_vgnU_ifunc_wrapper)
--1519265-- REDIR: 0x49026c0 (libc.so.6:memset) redirected to 0x48311d0 (_vgnU_ifunc_wrapper)
--1519265-- REDIR: 0x491e960 (libc.so.6:wcschr) redirected to 0x48311d0 (_vgnU_ifunc_wrapper)
--1519265-- REDIR: 0x49017f0 (libc.so.6:strnlen) redirected to 0x48311d0 (_vgnU_ifunc_wrapper)
--1519265-- REDIR: 0x49013b0 (libc.so.6:strcspn) redirected to 0x48311d0 (_vgnU_ifunc_wrapper)
--1519265-- REDIR: 0x4902980 (libc.so.6:strncasecmp) redirected to 0x48311d0 (_vgnU_ifunc_wrapper)
--1519265-- REDIR: 0x4901350 (libc.so.6:strcpy) redirected to 0x48311d0 (_vgnU_ifunc_wrapper)
--1519265-- REDIR: 0x4902ad0 (libc.so.6:memcpy@@GLIBC_2.14) redirected to 0x48311d0 (_vgnU_ifunc_wrapper)
--1519265-- REDIR: 0x49200d0 (libc.so.6:wcsnlen) redirected to 0x48311d0 (_vgnU_ifunc_wrapper)
--1519265-- REDIR: 0x491e9e0 (libc.so.6:wcscpy) redirected to 0x48311d0 (_vgnU_ifunc_wrapper)
--1519265-- REDIR: 0x49019a0 (libc.so.6:strpbrk) redirected to 0x48311d0 (_vgnU_ifunc_wrapper)
--1519265-- REDIR: 0x4901280 (libc.so.6:index) redirected to 0x48311d0 (_vgnU_ifunc_wrapper)
--1519265-- REDIR: 0x49017b0 (libc.so.6:strlen) redirected to 0x48311d0 (_vgnU_ifunc_wrapper)
--1519265-- REDIR: 0x490ad20 (libc.so.6:memrchr) redirected to 0x48311d0 (_vgnU_ifunc_wrapper)
--1519265-- REDIR: 0x49029d0 (libc.so.6:strcasecmp_l) redirected to 0x48311d0 (_vgnU_ifunc_wrapper)
--1519265-- REDIR: 0x4902550 (libc.so.6:memchr) redirected to 0x48311d0 (_vgnU_ifunc_wrapper)
--1519265-- REDIR: 0x491eab0 (libc.so.6:wcslen) redirected to 0x48311d0 (_vgnU_ifunc_wrapper)
--1519265-- REDIR: 0x4901c60 (libc.so.6:strspn) redirected to 0x48311d0 (_vgnU_ifunc_wrapper)
--1519265-- REDIR: 0x49028d0 (libc.so.6:stpncpy) redirected to 0x48311d0 (_vgnU_ifunc_wrapper)
--1519265-- REDIR: 0x4902870 (libc.so.6:stpcpy) redirected to 0x48311d0 (_vgnU_ifunc_wrapper)
--1519265-- REDIR: 0x4903e10 (libc.so.6:strchrnul) redirected to 0x48311d0 (_vgnU_ifunc_wrapper)
--1519265-- REDIR: 0x4902a20 (libc.so.6:strncasecmp_l) redirected to 0x48311d0 (_vgnU_ifunc_wrapper)
--1519265-- REDIR: 0x49ea490 (libc.so.6:__strrchr_avx2) redirected to 0x483ea10 (rindex)
--1519265-- REDIR: 0x48fc260 (libc.so.6:malloc) redirected to 0x483b780 (malloc)
--1519265-- REDIR: 0x49ea660 (libc.so.6:__strlen_avx2) redirected to 0x483ef40 (strlen)
--1519265-- REDIR: 0x49ed650 (libc.so.6:__mempcpy_avx_unaligned_erms) redirected to 0x4843660 (mempcpy)
--1519265-- REDIR: 0x4902120 (libc.so.6:__GI_strstr) redirected to 0x4843ca0 (__strstr_sse2)
--1519265-- REDIR: 0x49edaf0 (libc.so.6:__memset_avx2_unaligned_erms) redirected to 0x48428e0 (memset)
--1519265-- REDIR: 0x49ea2a0 (libc.so.6:__strchrnul_avx2) redirected to 0x4843540 (strchrnul)
--1519265-- REDIR: 0x49ed670 (libc.so.6:__memcpy_avx_unaligned_erms) redirected to 0x48429f0 (memmove)
--1519265-- REDIR: 0x48fdc90 (libc.so.6:calloc) redirected to 0x483dce0 (calloc)
--1519265-- REDIR: 0x48fc850 (libc.so.6:free) redirected to 0x483c9d0 (free)
--1519265-- REDIR: 0x49e5b60 (libc.so.6:__strcmp_avx2) redirected to 0x483fed0 (strcmp)
==1519265== 
==1519265== HEAP SUMMARY:
==1519265==     in use at exit: 139 bytes in 51 blocks
==1519265==   total heap usage: 258 allocs, 207 frees, 35,151 bytes allocated
==1519265== 
==1519265== Searching for pointers to 51 not-freed blocks
==1519265== Checked 76,920 bytes
==1519265== 
==1519265== 4 bytes in 1 blocks are definitely lost in loss record 1 of 12
==1519265==    at 0x483B7F3: malloc (in /usr/lib/x86_64-linux-gnu/valgrind/vgpreload_memcheck-amd64-linux.so)
==1519265==    by 0x490150E: strdup (strdup.c:42)
==1519265==    by 0x10AFAF: yylex (in /home/guileb/University/Tradutores/guillex2/14_0141961/src/tradutor)
==1519265==    by 0x110696: yyparse (in /home/guileb/University/Tradutores/guillex2/14_0141961/src/tradutor)
==1519265==    by 0x1136EF: main (in /home/guileb/University/Tradutores/guillex2/14_0141961/src/tradutor)
==1519265== 
==1519265== 5 bytes in 1 blocks are definitely lost in loss record 2 of 12
==1519265==    at 0x483B7F3: malloc (in /usr/lib/x86_64-linux-gnu/valgrind/vgpreload_memcheck-amd64-linux.so)
==1519265==    by 0x490150E: strdup (strdup.c:42)
==1519265==    by 0x10AF54: yylex (in /home/guileb/University/Tradutores/guillex2/14_0141961/src/tradutor)
==1519265==    by 0x110696: yyparse (in /home/guileb/University/Tradutores/guillex2/14_0141961/src/tradutor)
==1519265==    by 0x1136EF: main (in /home/guileb/University/Tradutores/guillex2/14_0141961/src/tradutor)
==1519265== 
==1519265== 6 bytes in 2 blocks are definitely lost in loss record 3 of 12
==1519265==    at 0x483B7F3: malloc (in /usr/lib/x86_64-linux-gnu/valgrind/vgpreload_memcheck-amd64-linux.so)
==1519265==    by 0x490150E: strdup (strdup.c:42)
==1519265==    by 0x10AEF9: yylex (in /home/guileb/University/Tradutores/guillex2/14_0141961/src/tradutor)
==1519265==    by 0x110696: yyparse (in /home/guileb/University/Tradutores/guillex2/14_0141961/src/tradutor)
==1519265==    by 0x1136EF: main (in /home/guileb/University/Tradutores/guillex2/14_0141961/src/tradutor)
==1519265== 
==1519265== 6 bytes in 3 blocks are definitely lost in loss record 4 of 12
==1519265==    at 0x483B7F3: malloc (in /usr/lib/x86_64-linux-gnu/valgrind/vgpreload_memcheck-amd64-linux.so)
==1519265==    by 0x490150E: strdup (strdup.c:42)
==1519265==    by 0x10AAF3: yylex (in /home/guileb/University/Tradutores/guillex2/14_0141961/src/tradutor)
==1519265==    by 0x110696: yyparse (in /home/guileb/University/Tradutores/guillex2/14_0141961/src/tradutor)
==1519265==    by 0x1136EF: main (in /home/guileb/University/Tradutores/guillex2/14_0141961/src/tradutor)
==1519265== 
==1519265== 7 bytes in 1 blocks are definitely lost in loss record 5 of 12
==1519265==    at 0x483B7F3: malloc (in /usr/lib/x86_64-linux-gnu/valgrind/vgpreload_memcheck-amd64-linux.so)
==1519265==    by 0x490150E: strdup (strdup.c:42)
==1519265==    by 0x10B00A: yylex (in /home/guileb/University/Tradutores/guillex2/14_0141961/src/tradutor)
==1519265==    by 0x110696: yyparse (in /home/guileb/University/Tradutores/guillex2/14_0141961/src/tradutor)
==1519265==    by 0x1136EF: main (in /home/guileb/University/Tradutores/guillex2/14_0141961/src/tradutor)
==1519265== 
==1519265== 8 bytes in 2 blocks are definitely lost in loss record 6 of 12
==1519265==    at 0x483B7F3: malloc (in /usr/lib/x86_64-linux-gnu/valgrind/vgpreload_memcheck-amd64-linux.so)
==1519265==    by 0x490150E: strdup (strdup.c:42)
==1519265==    by 0x10A9F6: yylex (in /home/guileb/University/Tradutores/guillex2/14_0141961/src/tradutor)
==1519265==    by 0x110696: yyparse (in /home/guileb/University/Tradutores/guillex2/14_0141961/src/tradutor)
==1519265==    by 0x1136EF: main (in /home/guileb/University/Tradutores/guillex2/14_0141961/src/tradutor)
==1519265== 
==1519265== 8 bytes in 4 blocks are definitely lost in loss record 7 of 12
==1519265==    at 0x483B7F3: malloc (in /usr/lib/x86_64-linux-gnu/valgrind/vgpreload_memcheck-amd64-linux.so)
==1519265==    by 0x490150E: strdup (strdup.c:42)
==1519265==    by 0x10AA98: yylex (in /home/guileb/University/Tradutores/guillex2/14_0141961/src/tradutor)
==1519265==    by 0x110696: yyparse (in /home/guileb/University/Tradutores/guillex2/14_0141961/src/tradutor)
==1519265==    by 0x1136EF: main (in /home/guileb/University/Tradutores/guillex2/14_0141961/src/tradutor)
==1519265== 
==1519265== 14 bytes in 7 blocks are definitely lost in loss record 8 of 12
==1519265==    at 0x483B7F3: malloc (in /usr/lib/x86_64-linux-gnu/valgrind/vgpreload_memcheck-amd64-linux.so)
==1519265==    by 0x490150E: strdup (strdup.c:42)
==1519265==    by 0x10AB4E: yylex (in /home/guileb/University/Tradutores/guillex2/14_0141961/src/tradutor)
==1519265==    by 0x110696: yyparse (in /home/guileb/University/Tradutores/guillex2/14_0141961/src/tradutor)
==1519265==    by 0x1136EF: main (in /home/guileb/University/Tradutores/guillex2/14_0141961/src/tradutor)
==1519265== 
==1519265== 14 bytes in 7 blocks are definitely lost in loss record 9 of 12
==1519265==    at 0x483B7F3: malloc (in /usr/lib/x86_64-linux-gnu/valgrind/vgpreload_memcheck-amd64-linux.so)
==1519265==    by 0x490150E: strdup (strdup.c:42)
==1519265==    by 0x10ABA9: yylex (in /home/guileb/University/Tradutores/guillex2/14_0141961/src/tradutor)
==1519265==    by 0x110696: yyparse (in /home/guileb/University/Tradutores/guillex2/14_0141961/src/tradutor)
==1519265==    by 0x1136EF: main (in /home/guileb/University/Tradutores/guillex2/14_0141961/src/tradutor)
==1519265== 
==1519265== 18 bytes in 9 blocks are definitely lost in loss record 10 of 12
==1519265==    at 0x483B7F3: malloc (in /usr/lib/x86_64-linux-gnu/valgrind/vgpreload_memcheck-amd64-linux.so)
==1519265==    by 0x490150E: strdup (strdup.c:42)
==1519265==    by 0x10A7E6: yylex (in /home/guileb/University/Tradutores/guillex2/14_0141961/src/tradutor)
==1519265==    by 0x110696: yyparse (in /home/guileb/University/Tradutores/guillex2/14_0141961/src/tradutor)
==1519265==    by 0x1136EF: main (in /home/guileb/University/Tradutores/guillex2/14_0141961/src/tradutor)
==1519265== 
==1519265== 24 bytes in 3 blocks are definitely lost in loss record 11 of 12
==1519265==    at 0x483B7F3: malloc (in /usr/lib/x86_64-linux-gnu/valgrind/vgpreload_memcheck-amd64-linux.so)
==1519265==    by 0x490150E: strdup (strdup.c:42)
==1519265==    by 0x10B11B: yylex (in /home/guileb/University/Tradutores/guillex2/14_0141961/src/tradutor)
==1519265==    by 0x110696: yyparse (in /home/guileb/University/Tradutores/guillex2/14_0141961/src/tradutor)
==1519265==    by 0x1136EF: main (in /home/guileb/University/Tradutores/guillex2/14_0141961/src/tradutor)
==1519265== 
==1519265== 25 bytes in 11 blocks are definitely lost in loss record 12 of 12
==1519265==    at 0x483B7F3: malloc (in /usr/lib/x86_64-linux-gnu/valgrind/vgpreload_memcheck-amd64-linux.so)
==1519265==    by 0x490150E: strdup (strdup.c:42)
==1519265==    by 0x10B452: yylex (in /home/guileb/University/Tradutores/guillex2/14_0141961/src/tradutor)
==1519265==    by 0x110696: yyparse (in /home/guileb/University/Tradutores/guillex2/14_0141961/src/tradutor)
==1519265==    by 0x1136EF: main (in /home/guileb/University/Tradutores/guillex2/14_0141961/src/tradutor)
==1519265== 
==1519265== LEAK SUMMARY:
==1519265==    definitely lost: 139 bytes in 51 blocks
==1519265==    indirectly lost: 0 bytes in 0 blocks
==1519265==      possibly lost: 0 bytes in 0 blocks
==1519265==    still reachable: 0 bytes in 0 blocks
==1519265==         suppressed: 0 bytes in 0 blocks
==1519265== 
==1519265== ERROR SUMMARY: 12 errors from 12 contexts (suppressed: 0 from 0)
